<?xml version="1.0" encoding="UTF-8"?>
<testng-results skipped="1" failed="1" ignored="0" total="3" passed="1">
  <reporter-output>
  </reporter-output>
  <suite name="Default suite" duration-ms="14538" started-at="2020-03-10T18:55:26Z" finished-at="2020-03-10T18:55:41Z">
    <groups>
    </groups>
    <test name="Default test" duration-ms="14538" started-at="2020-03-10T18:55:26Z" finished-at="2020-03-10T18:55:41Z">
      <class name="orangeHRM.testcases.CreateUserFromAdmin">
        <test-method status="PASS" signature="setupReport()[pri:0, instance:orangeHRM.testcases.CreateUserFromAdmin@1e88b3c]" name="setupReport" is-config="true" duration-ms="196" started-at="2020-03-10T18:55:26Z" finished-at="2020-03-10T18:55:26Z">
          <reporter-output>
          </reporter-output>
        </test-method> <!-- setupReport -->
        <test-method status="PASS" signature="setUp()[pri:0, instance:orangeHRM.testcases.CreateUserFromAdmin@1e88b3c]" name="setUp" is-config="true" duration-ms="10527" started-at="2020-03-10T18:55:26Z" finished-at="2020-03-10T18:55:37Z">
          <reporter-output>
          </reporter-output>
        </test-method> <!-- setUp -->
        <test-method status="PASS" signature="verifyPage()[pri:0, instance:orangeHRM.testcases.CreateUserFromAdmin@1e88b3c]" name="verifyPage" duration-ms="46" started-at="2020-03-10T18:55:37Z" finished-at="2020-03-10T18:55:37Z">
          <reporter-output>
          </reporter-output>
        </test-method> <!-- verifyPage -->
        <test-method status="PASS" signature="tearDownReport(org.testng.ITestResult)[pri:0, instance:orangeHRM.testcases.CreateUserFromAdmin@1e88b3c]" name="tearDownReport" is-config="true" duration-ms="452" started-at="2020-03-10T18:55:37Z" finished-at="2020-03-10T18:55:37Z">
          <params>
            <param index="0">
              <value>
                <![CDATA[[TestResult name=verifyPage status=SUCCESS method=CreateUserFromAdmin.verifyPage()[pri:0, instance:orangeHRM.testcases.CreateUserFromAdmin@1e88b3c] output={null}]]]>
              </value>
            </param>
          </params>
          <reporter-output>
          </reporter-output>
        </test-method> <!-- tearDownReport -->
        <test-method status="FAIL" signature="loginToApplication()[pri:1, instance:orangeHRM.testcases.CreateUserFromAdmin@1e88b3c]" name="loginToApplication" duration-ms="2970" started-at="2020-03-10T18:55:37Z" depends-on-methods="orangeHRM.testcases.CreateUserFromAdmin.verifyPage" finished-at="2020-03-10T18:55:40Z">
          <exception class="java.lang.AssertionError">
            <message>
              <![CDATA[Dashboard does not contain dashboard keyword expected [true] but found [false]]]>
            </message>
            <full-stacktrace>
              <![CDATA[java.lang.AssertionError: Dashboard does not contain dashboard keyword expected [true] but found [false]
at org.testng.Assert.fail(Assert.java:96)
at org.testng.Assert.failNotEquals(Assert.java:776)
at org.testng.Assert.assertTrue(Assert.java:44)
at orangeHRM.pages.LoginPage.verifyUrlAfterLogin(LoginPage.java:35)
at orangeHRM.testcases.CreateUserFromAdmin.loginToApplication(CreateUserFromAdmin.java:44)
at sun.reflect.NativeMethodAccessorImpl.invoke0(Native Method)
at sun.reflect.NativeMethodAccessorImpl.invoke(NativeMethodAccessorImpl.java:62)
at sun.reflect.DelegatingMethodAccessorImpl.invoke(DelegatingMethodAccessorImpl.java:43)
at java.lang.reflect.Method.invoke(Method.java:498)
at org.testng.internal.MethodInvocationHelper.invokeMethod(MethodInvocationHelper.java:124)
at org.testng.internal.Invoker.invokeMethod(Invoker.java:583)
at org.testng.internal.Invoker.invokeTestMethod(Invoker.java:719)
at org.testng.internal.Invoker.invokeTestMethods(Invoker.java:989)
at org.testng.internal.TestMethodWorker.invokeTestMethods(TestMethodWorker.java:125)
at org.testng.internal.TestMethodWorker.run(TestMethodWorker.java:109)
at org.testng.TestRunner.privateRun(TestRunner.java:648)
at org.testng.TestRunner.run(TestRunner.java:505)
at org.testng.SuiteRunner.runTest(SuiteRunner.java:455)
at org.testng.SuiteRunner.runSequentially(SuiteRunner.java:450)
at org.testng.SuiteRunner.privateRun(SuiteRunner.java:415)
at org.testng.SuiteRunner.run(SuiteRunner.java:364)
at org.testng.SuiteRunnerWorker.runSuite(SuiteRunnerWorker.java:52)
at org.testng.SuiteRunnerWorker.run(SuiteRunnerWorker.java:84)
at org.testng.TestNG.runSuitesSequentially(TestNG.java:1208)
at org.testng.TestNG.runSuitesLocally(TestNG.java:1137)
at org.testng.TestNG.runSuites(TestNG.java:1049)
at org.testng.TestNG.run(TestNG.java:1017)
at org.testng.remote.AbstractRemoteTestNG.run(AbstractRemoteTestNG.java:115)
at org.testng.remote.RemoteTestNG.initAndRun(RemoteTestNG.java:251)
at org.testng.remote.RemoteTestNG.main(RemoteTestNG.java:77)
]]>
            </full-stacktrace>
          </exception> <!-- java.lang.AssertionError -->
          <reporter-output>
          </reporter-output>
        </test-method> <!-- loginToApplication -->
        <test-method status="PASS" signature="tearDownReport(org.testng.ITestResult)[pri:0, instance:orangeHRM.testcases.CreateUserFromAdmin@1e88b3c]" name="tearDownReport" is-config="true" duration-ms="512" started-at="2020-03-10T18:55:40Z" finished-at="2020-03-10T18:55:41Z">
          <params>
            <param index="0">
              <value>
                <![CDATA[[TestResult name=loginToApplication status=FAILURE method=CreateUserFromAdmin.loginToApplication()[pri:1, instance:orangeHRM.testcases.CreateUserFromAdmin@1e88b3c] output={null}]]]>
              </value>
            </param>
          </params>
          <reporter-output>
          </reporter-output>
        </test-method> <!-- tearDownReport -->
        <test-method status="SKIP" signature="logoutFromApplication()[pri:2, instance:orangeHRM.testcases.CreateUserFromAdmin@1e88b3c]" name="logoutFromApplication" duration-ms="0" started-at="2020-03-10T18:55:41Z" depends-on-methods="orangeHRM.testcases.CreateUserFromAdmin.loginToApplication" finished-at="2020-03-10T18:55:41Z">
          <exception class="java.lang.Throwable">
            <message>
              <![CDATA[Method CreateUserFromAdmin.logoutFromApplication()[pri:2, instance:orangeHRM.testcases.CreateUserFromAdmin@1e88b3c] depends on not successfully finished methods]]>
            </message>
            <full-stacktrace>
              <![CDATA[java.lang.Throwable: Method CreateUserFromAdmin.logoutFromApplication()[pri:2, instance:orangeHRM.testcases.CreateUserFromAdmin@1e88b3c] depends on not successfully finished methods
at org.testng.internal.Invoker.invokeTestMethods(Invoker.java:888)
at org.testng.internal.TestMethodWorker.invokeTestMethods(TestMethodWorker.java:125)
at org.testng.internal.TestMethodWorker.run(TestMethodWorker.java:109)
at org.testng.TestRunner.privateRun(TestRunner.java:648)
at org.testng.TestRunner.run(TestRunner.java:505)
at org.testng.SuiteRunner.runTest(SuiteRunner.java:455)
at org.testng.SuiteRunner.runSequentially(SuiteRunner.java:450)
at org.testng.SuiteRunner.privateRun(SuiteRunner.java:415)
at org.testng.SuiteRunner.run(SuiteRunner.java:364)
at org.testng.SuiteRunnerWorker.runSuite(SuiteRunnerWorker.java:52)
at org.testng.SuiteRunnerWorker.run(SuiteRunnerWorker.java:84)
at org.testng.TestNG.runSuitesSequentially(TestNG.java:1208)
at org.testng.TestNG.runSuitesLocally(TestNG.java:1137)
at org.testng.TestNG.runSuites(TestNG.java:1049)
at org.testng.TestNG.run(TestNG.java:1017)
at org.testng.remote.AbstractRemoteTestNG.run(AbstractRemoteTestNG.java:115)
at org.testng.remote.RemoteTestNG.initAndRun(RemoteTestNG.java:251)
at org.testng.remote.RemoteTestNG.main(RemoteTestNG.java:77)
]]>
            </full-stacktrace>
          </exception> <!-- java.lang.Throwable -->
          <reporter-output>
          </reporter-output>
        </test-method> <!-- logoutFromApplication -->
        <test-method status="PASS" signature="tearDown()[pri:0, instance:orangeHRM.testcases.CreateUserFromAdmin@1e88b3c]" name="tearDown" is-config="true" duration-ms="292" started-at="2020-03-10T18:55:41Z" finished-at="2020-03-10T18:55:41Z">
          <reporter-output>
          </reporter-output>
        </test-method> <!-- tearDown -->
      </class> <!-- orangeHRM.testcases.CreateUserFromAdmin -->
    </test> <!-- Default test -->
  </suite> <!-- Default suite -->
</testng-results>
